<?xml version="1.0" encoding="UTF-8"?>
<!-- Generated by org.testng.reporters.JUnitReportReporter -->
<testsuite hostname="my" failures="0" tests="1" name="com.Package1.Trail" time="0.002" errors="0" timestamp="24 Mar 2019 05:50:11 GMT" skipped="0">
  <testcase classname="com.Package1.Trail" name="loginTest" time="0.002"/>
</testsuite> <!-- com.Package1.Trail -->
